<?xml version="1.0" encoding="UTF-8"?>
<!-- Generated by org.testng.reporters.JUnitReportReporter -->
<testsuite hostname="INGBTCPIC5NB739" name="bhanu.Script1" tests="1" failures="0" timestamp="30 May 2016 05:56:36 GMT" time="81.457" errors="1">
  <testcase name="testA" time="81.457" classname="bhanu.Script1">
    <error type="org.openqa.selenium.WebDriverException" message="Component returned failure code: 0x80004005 (NS_ERROR_FAILURE) [nsIWebNavigation.loadURIWithOptions]
Command duration or timeout: 28 milliseconds
Build info: version: &#039;2.50.1&#039;, revision: &#039;d7fc91b&#039;, time: &#039;2016-01-29 19:04:49&#039;
System info: host: &#039;INGBTCPIC5NB739&#039;, ip: &#039;161.85.91.11&#039;, os.name: &#039;Windows 7&#039;, os.arch: &#039;amd64&#039;, os.version: &#039;6.1&#039;, java.version: &#039;1.8.0_66&#039;
Driver info: org.openqa.selenium.firefox.FirefoxDriver
Capabilities [{applicationCacheEnabled=true, rotatable=false, handlesAlerts=true, databaseEnabled=true, version=40.0, platform=WINDOWS, nativeEvents=false, acceptSslCerts=true, webStorageEnabled=true, locationContextEnabled=true, browserName=firefox, takesScreenshot=true, javascriptEnabled=true, cssSelectorsEnabled=true}]
Session ID: 0064bfb6-3cde-421a-aaec-67828cd56f4d">
      <![CDATA[org.openqa.selenium.WebDriverException: Component returned failure code: 0x80004005 (NS_ERROR_FAILURE) [nsIWebNavigation.loadURIWithOptions]
Command duration or timeout: 28 milliseconds
Build info: version: '2.50.1', revision: 'd7fc91b', time: '2016-01-29 19:04:49'
System info: host: 'INGBTCPIC5NB739', ip: '161.85.91.11', os.name: 'Windows 7', os.arch: 'amd64', os.version: '6.1', java.version: '1.8.0_66'
Driver info: org.openqa.selenium.firefox.FirefoxDriver
Capabilities [{applicationCacheEnabled=true, rotatable=false, handlesAlerts=true, databaseEnabled=true, version=40.0, platform=WINDOWS, nativeEvents=false, acceptSslCerts=true, webStorageEnabled=true, locationContextEnabled=true, browserName=firefox, takesScreenshot=true, javascriptEnabled=true, cssSelectorsEnabled=true}]
Session ID: 0064bfb6-3cde-421a-aaec-67828cd56f4d
	at sun.reflect.NativeConstructorAccessorImpl.newInstance0(Native Method)
	at sun.reflect.NativeConstructorAccessorImpl.newInstance(Unknown Source)
	at sun.reflect.DelegatingConstructorAccessorImpl.newInstance(Unknown Source)
	at java.lang.reflect.Constructor.newInstance(Unknown Source)
	at org.openqa.selenium.remote.ErrorHandler.createThrowable(ErrorHandler.java:206)
	at org.openqa.selenium.remote.ErrorHandler.throwIfResponseFailed(ErrorHandler.java:158)
	at org.openqa.selenium.remote.RemoteWebDriver.execute(RemoteWebDriver.java:678)
	at org.openqa.selenium.remote.RemoteWebDriver.get(RemoteWebDriver.java:316)
	at bhanu.Script1.testA(Script1.java:60)
	at sun.reflect.NativeMethodAccessorImpl.invoke0(Native Method)
	at sun.reflect.NativeMethodAccessorImpl.invoke(Unknown Source)
	at sun.reflect.DelegatingMethodAccessorImpl.invoke(Unknown Source)
	at java.lang.reflect.Method.invoke(Unknown Source)
	at org.testng.internal.MethodInvocationHelper.invokeMethod(MethodInvocationHelper.java:86)
	at org.testng.internal.Invoker.invokeMethod(Invoker.java:645)
	at org.testng.internal.Invoker.invokeTestMethod(Invoker.java:822)
	at org.testng.internal.Invoker.invokeTestMethods(Invoker.java:1130)
	at org.testng.internal.TestMethodWorker.invokeTestMethods(TestMethodWorker.java:129)
	at org.testng.internal.TestMethodWorker.run(TestMethodWorker.java:112)
	at org.testng.TestRunner.privateRun(TestRunner.java:782)
	at org.testng.TestRunner.run(TestRunner.java:632)
	at org.testng.SuiteRunner.runTest(SuiteRunner.java:366)
	at org.testng.SuiteRunner.runSequentially(SuiteRunner.java:361)
	at org.testng.SuiteRunner.privateRun(SuiteRunner.java:319)
	at org.testng.SuiteRunner.run(SuiteRunner.java:268)
	at org.testng.SuiteRunnerWorker.runSuite(SuiteRunnerWorker.java:52)
	at org.testng.SuiteRunnerWorker.run(SuiteRunnerWorker.java:86)
	at org.testng.TestNG.runSuitesSequentially(TestNG.java:1244)
	at org.testng.TestNG.runSuitesLocally(TestNG.java:1169)
	at org.testng.TestNG.run(TestNG.java:1064)
	at org.testng.remote.RemoteTestNG.run(RemoteTestNG.java:113)
	at org.testng.remote.RemoteTestNG.initAndRun(RemoteTestNG.java:206)
	at org.testng.remote.RemoteTestNG.main(RemoteTestNG.java:177)
Caused by: org.openqa.selenium.WebDriverException: Component returned failure code: 0x80004005 (NS_ERROR_FAILURE) [nsIWebNavigation.loadURIWithOptions]
Build info: version: '2.50.1', revision: 'd7fc91b', time: '2016-01-29 19:04:49'
System info: host: 'INGBTCPIC5NB739', ip: '161.85.91.11', os.name: 'Windows 7', os.arch: 'amd64', os.version: '6.1', java.version: '1.8.0_66'
Driver info: driver.version: unknown
	at <anonymous class>._loadURIWithFlags(chrome://browser/content/browser.js:12065)
	at <anonymous class>.loadURIWithFlags(chrome://browser/content/tabbrowser.xml:6090)
	at <anonymous class>.loadURI(chrome://global/content/bindings/browser.xml:119)
	at <anonymous class>.loadURI(chrome://browser/content/tabbrowser.xml:3558)
	at <anonymous class>.FirefoxDriver.prototype.get(file:///C:/Users/310076~1/AppData/Local/Temp/anonymous4406403115366922726webdriver-profile/extensions/fxdriver@googlecode.com/components/driver-component.js:10590)
	at <anonymous class>.DelayedCommand.prototype.executeInternal_/h(file:///C:/Users/310076~1/AppData/Local/Temp/anonymous4406403115366922726webdriver-profile/extensions/fxdriver@googlecode.com/components/command-processor.js:12595)
	at <anonymous class>.DelayedCommand.prototype.executeInternal_(file:///C:/Users/310076~1/AppData/Local/Temp/anonymous4406403115366922726webdriver-profile/extensions/fxdriver@googlecode.com/components/command-processor.js:12600)
	at <anonymous class>.DelayedCommand.prototype.execute/<(file:///C:/Users/310076~1/AppData/Local/Temp/anonymous4406403115366922726webdriver-profile/extensions/fxdriver@googlecode.com/components/command-processor.js:12542)
]]>
    </error>
  </testcase> <!-- testA -->
</testsuite> <!-- bhanu.Script1 -->
